<?xml version="1.0" encoding="UTF-8"?>
<!-- Generated by org.testng.reporters.JUnitReportReporter -->
<testsuite hostname="DESKTOP-TUMQ4HO" failures="0" tests="1" name="E2EProject.E2EFramework.MainTest" time="7.130" errors="0" timestamp="2022-04-12T14:54:35 IST" skipped="0">
  <testcase classname="E2EProject.E2EFramework.MainTest" name="MainPage" time="7.130"/>
  <system-out/>
</testsuite> <!-- E2EProject.E2EFramework.MainTest -->
